
Warning-[LNX_OS_VERUN] Unsupported Linux version
  Linux version 'CentOS Linux release 7.8.2003 (Core)' is not supported on 
  'x86_64' officially, assuming linux compatibility by default. Set 
  VCS_ARCH_OVERRIDE to linux or suse32 to override.
  Please refer to release notes for information on supported platforms.


Warning-[UNKWN_OPTVSIM] Unknown option passed
  Ignoring unknown option '-dpi' passed to 'vcs' and continuing compilation.

Command: vcs -full64 -sverilog /home/hao/wrk/UVM/uvm-1.1d/src/dpi/uvm_dpi.cc -CFLAGS \
-DVCS -f filelist.f -dpi -ntb_opts +vcd+vcdpluson -debug_all -timescale=1ns/10ps \
external.o my_rand.o -l vcs_com.log
                         Chronologic VCS (TM)
         Version L-2016.06_Full64 -- Fri May 15 15:32:49 2020
               Copyright (c) 1991-2016 by Synopsys Inc.
                         ALL RIGHTS RESERVED

This program is proprietary and confidential information of Synopsys Inc.
and may be used and disclosed only as authorized in a license agreement
controlling such use and disclosure.


Warning-[NTB_OPT_UNKWN] Unknown -ntb_opts option used
  Unknown option '-ntb_opts vcd' is ignored.


Warning-[NTB_OPT_UNKWN] Unknown -ntb_opts option used
  Unknown option '-ntb_opts vcdpluson' is ignored.

Parsing design file '/home/hao/wrk/UVM/uvm-1.1d/src/uvm_pkg.sv'
Parsing included file '/home/hao/wrk/UVM/uvm-1.1d/src/uvm_macros.svh'.
Parsing included file '/home/hao/wrk/UVM/uvm-1.1d/src/macros/uvm_version_defines.svh'.
Back to file '/home/hao/wrk/UVM/uvm-1.1d/src/uvm_macros.svh'.
Parsing included file '/home/hao/wrk/UVM/uvm-1.1d/src/macros/uvm_message_defines.svh'.
Back to file '/home/hao/wrk/UVM/uvm-1.1d/src/uvm_macros.svh'.
Parsing included file '/home/hao/wrk/UVM/uvm-1.1d/src/macros/uvm_phase_defines.svh'.
Back to file '/home/hao/wrk/UVM/uvm-1.1d/src/uvm_macros.svh'.
Parsing included file '/home/hao/wrk/UVM/uvm-1.1d/src/macros/uvm_object_defines.svh'.
Back to file '/home/hao/wrk/UVM/uvm-1.1d/src/uvm_macros.svh'.
Parsing included file '/home/hao/wrk/UVM/uvm-1.1d/src/macros/uvm_printer_defines.svh'.
Back to file '/home/hao/wrk/UVM/uvm-1.1d/src/uvm_macros.svh'.
Parsing included file '/home/hao/wrk/UVM/uvm-1.1d/src/macros/uvm_tlm_defines.svh'.
Parsing included file '/home/hao/wrk/UVM/uvm-1.1d/src/tlm1/uvm_tlm_imps.svh'.
Back to file '/home/hao/wrk/UVM/uvm-1.1d/src/macros/uvm_tlm_defines.svh'.
Back to file '/home/hao/wrk/UVM/uvm-1.1d/src/uvm_macros.svh'.
Parsing included file '/home/hao/wrk/UVM/uvm-1.1d/src/macros/uvm_sequence_defines.svh'.
Back to file '/home/hao/wrk/UVM/uvm-1.1d/src/uvm_macros.svh'.
Parsing included file '/home/hao/wrk/UVM/uvm-1.1d/src/macros/uvm_callback_defines.svh'.
Back to file '/home/hao/wrk/UVM/uvm-1.1d/src/uvm_macros.svh'.
Parsing included file '/home/hao/wrk/UVM/uvm-1.1d/src/macros/uvm_reg_defines.svh'.
Back to file '/home/hao/wrk/UVM/uvm-1.1d/src/uvm_macros.svh'.
Parsing included file '/home/hao/wrk/UVM/uvm-1.1d/src/macros/uvm_deprecated_defines.svh'.
Back to file '/home/hao/wrk/UVM/uvm-1.1d/src/uvm_macros.svh'.
Back to file '/home/hao/wrk/UVM/uvm-1.1d/src/uvm_pkg.sv'.
Parsing included file '/home/hao/wrk/UVM/uvm-1.1d/src/dpi/uvm_dpi.svh'.
Parsing included file '/home/hao/wrk/UVM/uvm-1.1d/src/dpi/uvm_hdl.svh'.
Back to file '/home/hao/wrk/UVM/uvm-1.1d/src/dpi/uvm_dpi.svh'.
Parsing included file '/home/hao/wrk/UVM/uvm-1.1d/src/dpi/uvm_svcmd_dpi.svh'.
Back to file '/home/hao/wrk/UVM/uvm-1.1d/src/dpi/uvm_dpi.svh'.
Parsing included file '/home/hao/wrk/UVM/uvm-1.1d/src/dpi/uvm_regex.svh'.
Back to file '/home/hao/wrk/UVM/uvm-1.1d/src/dpi/uvm_dpi.svh'.
Back to file '/home/hao/wrk/UVM/uvm-1.1d/src/uvm_pkg.sv'.
Parsing included file '/home/hao/wrk/UVM/uvm-1.1d/src/base/uvm_base.svh'.
Parsing included file '/home/hao/wrk/UVM/uvm-1.1d/src/base/uvm_version.svh'.
Back to file '/home/hao/wrk/UVM/uvm-1.1d/src/base/uvm_base.svh'.
Parsing included file '/home/hao/wrk/UVM/uvm-1.1d/src/base/uvm_object_globals.svh'.
Back to file '/home/hao/wrk/UVM/uvm-1.1d/src/base/uvm_base.svh'.
Parsing included file '/home/hao/wrk/UVM/uvm-1.1d/src/base/uvm_misc.svh'.
Back to file '/home/hao/wrk/UVM/uvm-1.1d/src/base/uvm_base.svh'.
Parsing included file '/home/hao/wrk/UVM/uvm-1.1d/src/base/uvm_object.svh'.
Back to file '/home/hao/wrk/UVM/uvm-1.1d/src/base/uvm_base.svh'.
Parsing included file '/home/hao/wrk/UVM/uvm-1.1d/src/base/uvm_pool.svh'.
Back to file '/home/hao/wrk/UVM/uvm-1.1d/src/base/uvm_base.svh'.
Parsing included file '/home/hao/wrk/UVM/uvm-1.1d/src/base/uvm_queue.svh'.
Back to file '/home/hao/wrk/UVM/uvm-1.1d/src/base/uvm_base.svh'.
Parsing included file '/home/hao/wrk/UVM/uvm-1.1d/src/base/uvm_factory.svh'.
Back to file '/home/hao/wrk/UVM/uvm-1.1d/src/base/uvm_base.svh'.
Parsing included file '/home/hao/wrk/UVM/uvm-1.1d/src/base/uvm_registry.svh'.
Back to file '/home/hao/wrk/UVM/uvm-1.1d/src/base/uvm_base.svh'.
Parsing included file '/home/hao/wrk/UVM/uvm-1.1d/src/base/uvm_spell_chkr.svh'.
Back to file '/home/hao/wrk/UVM/uvm-1.1d/src/base/uvm_base.svh'.
Parsing included file '/home/hao/wrk/UVM/uvm-1.1d/src/base/uvm_resource.svh'.
Back to file '/home/hao/wrk/UVM/uvm-1.1d/src/base/uvm_base.svh'.
Parsing included file '/home/hao/wrk/UVM/uvm-1.1d/src/deprecated/uvm_resource_converter.svh'.
Back to file '/home/hao/wrk/UVM/uvm-1.1d/src/base/uvm_base.svh'.
Parsing included file '/home/hao/wrk/UVM/uvm-1.1d/src/base/uvm_resource_specializations.svh'.
Back to file '/home/hao/wrk/UVM/uvm-1.1d/src/base/uvm_base.svh'.
Parsing included file '/home/hao/wrk/UVM/uvm-1.1d/src/base/uvm_resource_db.svh'.
Back to file '/home/hao/wrk/UVM/uvm-1.1d/src/base/uvm_base.svh'.
Parsing included file '/home/hao/wrk/UVM/uvm-1.1d/src/base/uvm_config_db.svh'.
Back to file '/home/hao/wrk/UVM/uvm-1.1d/src/base/uvm_base.svh'.
Parsing included file '/home/hao/wrk/UVM/uvm-1.1d/src/base/uvm_printer.svh'.
Back to file '/home/hao/wrk/UVM/uvm-1.1d/src/base/uvm_base.svh'.
Parsing included file '/home/hao/wrk/UVM/uvm-1.1d/src/base/uvm_comparer.svh'.
Back to file '/home/hao/wrk/UVM/uvm-1.1d/src/base/uvm_base.svh'.
Parsing included file '/home/hao/wrk/UVM/uvm-1.1d/src/base/uvm_packer.svh'.
Back to file '/home/hao/wrk/UVM/uvm-1.1d/src/base/uvm_base.svh'.
Parsing included file '/home/hao/wrk/UVM/uvm-1.1d/src/base/uvm_recorder.svh'.
Back to file '/home/hao/wrk/UVM/uvm-1.1d/src/base/uvm_base.svh'.
Parsing included file '/home/hao/wrk/UVM/uvm-1.1d/src/base/uvm_event_callback.svh'.
Back to file '/home/hao/wrk/UVM/uvm-1.1d/src/base/uvm_base.svh'.
Parsing included file '/home/hao/wrk/UVM/uvm-1.1d/src/base/uvm_event.svh'.
Back to file '/home/hao/wrk/UVM/uvm-1.1d/src/base/uvm_base.svh'.
Parsing included file '/home/hao/wrk/UVM/uvm-1.1d/src/base/uvm_barrier.svh'.
Back to file '/home/hao/wrk/UVM/uvm-1.1d/src/base/uvm_base.svh'.
Parsing included file '/home/hao/wrk/UVM/uvm-1.1d/src/base/uvm_callback.svh'.
Parsing included file '/home/hao/wrk/UVM/uvm-1.1d/src/uvm_macros.svh'.
Back to file '/home/hao/wrk/UVM/uvm-1.1d/src/base/uvm_callback.svh'.
Back to file '/home/hao/wrk/UVM/uvm-1.1d/src/base/uvm_base.svh'.
Parsing included file '/home/hao/wrk/UVM/uvm-1.1d/src/base/uvm_report_catcher.svh'.
Back to file '/home/hao/wrk/UVM/uvm-1.1d/src/base/uvm_base.svh'.
Parsing included file '/home/hao/wrk/UVM/uvm-1.1d/src/base/uvm_report_server.svh'.
Back to file '/home/hao/wrk/UVM/uvm-1.1d/src/base/uvm_base.svh'.
Parsing included file '/home/hao/wrk/UVM/uvm-1.1d/src/base/uvm_report_handler.svh'.
Back to file '/home/hao/wrk/UVM/uvm-1.1d/src/base/uvm_base.svh'.
Parsing included file '/home/hao/wrk/UVM/uvm-1.1d/src/base/uvm_report_object.svh'.
Back to file '/home/hao/wrk/UVM/uvm-1.1d/src/base/uvm_base.svh'.
Parsing included file '/home/hao/wrk/UVM/uvm-1.1d/src/base/uvm_transaction.svh'.
Back to file '/home/hao/wrk/UVM/uvm-1.1d/src/base/uvm_base.svh'.
Parsing included file '/home/hao/wrk/UVM/uvm-1.1d/src/base/uvm_phase.svh'.
Back to file '/home/hao/wrk/UVM/uvm-1.1d/src/base/uvm_base.svh'.
Parsing included file '/home/hao/wrk/UVM/uvm-1.1d/src/base/uvm_domain.svh'.
Back to file '/home/hao/wrk/UVM/uvm-1.1d/src/base/uvm_base.svh'.
Parsing included file '/home/hao/wrk/UVM/uvm-1.1d/src/base/uvm_bottomup_phase.svh'.
Back to file '/home/hao/wrk/UVM/uvm-1.1d/src/base/uvm_base.svh'.
Parsing included file '/home/hao/wrk/UVM/uvm-1.1d/src/base/uvm_topdown_phase.svh'.
Back to file '/home/hao/wrk/UVM/uvm-1.1d/src/base/uvm_base.svh'.
Parsing included file '/home/hao/wrk/UVM/uvm-1.1d/src/base/uvm_task_phase.svh'.
Back to file '/home/hao/wrk/UVM/uvm-1.1d/src/base/uvm_base.svh'.
Parsing included file '/home/hao/wrk/UVM/uvm-1.1d/src/base/uvm_common_phases.svh'.
Back to file '/home/hao/wrk/UVM/uvm-1.1d/src/base/uvm_base.svh'.
Parsing included file '/home/hao/wrk/UVM/uvm-1.1d/src/base/uvm_runtime_phases.svh'.
Back to file '/home/hao/wrk/UVM/uvm-1.1d/src/base/uvm_base.svh'.
Parsing included file '/home/hao/wrk/UVM/uvm-1.1d/src/base/uvm_component.svh'.
Parsing included file '/home/hao/wrk/UVM/uvm-1.1d/src/base/uvm_root.svh'.
Back to file '/home/hao/wrk/UVM/uvm-1.1d/src/base/uvm_component.svh'.
Back to file '/home/hao/wrk/UVM/uvm-1.1d/src/base/uvm_base.svh'.
Parsing included file '/home/hao/wrk/UVM/uvm-1.1d/src/base/uvm_objection.svh'.
Back to file '/home/hao/wrk/UVM/uvm-1.1d/src/base/uvm_base.svh'.
Parsing included file '/home/hao/wrk/UVM/uvm-1.1d/src/base/uvm_heartbeat.svh'.
Back to file '/home/hao/wrk/UVM/uvm-1.1d/src/base/uvm_base.svh'.
Parsing included file '/home/hao/wrk/UVM/uvm-1.1d/src/base/uvm_globals.svh'.
Back to file '/home/hao/wrk/UVM/uvm-1.1d/src/base/uvm_base.svh'.
Parsing included file '/home/hao/wrk/UVM/uvm-1.1d/src/base/uvm_cmdline_processor.svh'.
Back to file '/home/hao/wrk/UVM/uvm-1.1d/src/base/uvm_base.svh'.
Back to file '/home/hao/wrk/UVM/uvm-1.1d/src/uvm_pkg.sv'.
Parsing included file '/home/hao/wrk/UVM/uvm-1.1d/src/tlm1/uvm_tlm.svh'.
Parsing included file '/home/hao/wrk/UVM/uvm-1.1d/src/tlm1/uvm_tlm_ifs.svh'.
Back to file '/home/hao/wrk/UVM/uvm-1.1d/src/tlm1/uvm_tlm.svh'.
Parsing included file '/home/hao/wrk/UVM/uvm-1.1d/src/tlm1/uvm_sqr_ifs.svh'.
Back to file '/home/hao/wrk/UVM/uvm-1.1d/src/tlm1/uvm_tlm.svh'.
Parsing included file '/home/hao/wrk/UVM/uvm-1.1d/src/base/uvm_port_base.svh'.
Back to file '/home/hao/wrk/UVM/uvm-1.1d/src/tlm1/uvm_tlm.svh'.
Parsing included file '/home/hao/wrk/UVM/uvm-1.1d/src/tlm1/uvm_tlm_imps.svh'.
Back to file '/home/hao/wrk/UVM/uvm-1.1d/src/tlm1/uvm_tlm.svh'.
Parsing included file '/home/hao/wrk/UVM/uvm-1.1d/src/tlm1/uvm_imps.svh'.
Back to file '/home/hao/wrk/UVM/uvm-1.1d/src/tlm1/uvm_tlm.svh'.
Parsing included file '/home/hao/wrk/UVM/uvm-1.1d/src/tlm1/uvm_ports.svh'.
Back to file '/home/hao/wrk/UVM/uvm-1.1d/src/tlm1/uvm_tlm.svh'.
Parsing included file '/home/hao/wrk/UVM/uvm-1.1d/src/tlm1/uvm_exports.svh'.
Back to file '/home/hao/wrk/UVM/uvm-1.1d/src/tlm1/uvm_tlm.svh'.
Parsing included file '/home/hao/wrk/UVM/uvm-1.1d/src/tlm1/uvm_analysis_port.svh'.
Back to file '/home/hao/wrk/UVM/uvm-1.1d/src/tlm1/uvm_tlm.svh'.
Parsing included file '/home/hao/wrk/UVM/uvm-1.1d/src/tlm1/uvm_tlm_fifo_base.svh'.
Back to file '/home/hao/wrk/UVM/uvm-1.1d/src/tlm1/uvm_tlm.svh'.
Parsing included file '/home/hao/wrk/UVM/uvm-1.1d/src/tlm1/uvm_tlm_fifos.svh'.
Back to file '/home/hao/wrk/UVM/uvm-1.1d/src/tlm1/uvm_tlm.svh'.
Parsing included file '/home/hao/wrk/UVM/uvm-1.1d/src/tlm1/uvm_tlm_req_rsp.svh'.
Back to file '/home/hao/wrk/UVM/uvm-1.1d/src/tlm1/uvm_tlm.svh'.
Parsing included file '/home/hao/wrk/UVM/uvm-1.1d/src/tlm1/uvm_sqr_connections.svh'.
Back to file '/home/hao/wrk/UVM/uvm-1.1d/src/tlm1/uvm_tlm.svh'.
Back to file '/home/hao/wrk/UVM/uvm-1.1d/src/uvm_pkg.sv'.
Parsing included file '/home/hao/wrk/UVM/uvm-1.1d/src/comps/uvm_comps.svh'.
Parsing included file '/home/hao/wrk/UVM/uvm-1.1d/src/comps/uvm_pair.svh'.
Back to file '/home/hao/wrk/UVM/uvm-1.1d/src/comps/uvm_comps.svh'.
Parsing included file '/home/hao/wrk/UVM/uvm-1.1d/src/comps/uvm_policies.svh'.
Back to file '/home/hao/wrk/UVM/uvm-1.1d/src/comps/uvm_comps.svh'.
Parsing included file '/home/hao/wrk/UVM/uvm-1.1d/src/comps/uvm_in_order_comparator.svh'.
Back to file '/home/hao/wrk/UVM/uvm-1.1d/src/comps/uvm_comps.svh'.
Parsing included file '/home/hao/wrk/UVM/uvm-1.1d/src/comps/uvm_algorithmic_comparator.svh'.
Back to file '/home/hao/wrk/UVM/uvm-1.1d/src/comps/uvm_comps.svh'.
Parsing included file '/home/hao/wrk/UVM/uvm-1.1d/src/comps/uvm_random_stimulus.svh'.
Back to file '/home/hao/wrk/UVM/uvm-1.1d/src/comps/uvm_comps.svh'.
Parsing included file '/home/hao/wrk/UVM/uvm-1.1d/src/comps/uvm_subscriber.svh'.
Back to file '/home/hao/wrk/UVM/uvm-1.1d/src/comps/uvm_comps.svh'.
Parsing included file '/home/hao/wrk/UVM/uvm-1.1d/src/comps/uvm_monitor.svh'.
Back to file '/home/hao/wrk/UVM/uvm-1.1d/src/comps/uvm_comps.svh'.
Parsing included file '/home/hao/wrk/UVM/uvm-1.1d/src/comps/uvm_driver.svh'.
Back to file '/home/hao/wrk/UVM/uvm-1.1d/src/comps/uvm_comps.svh'.
Parsing included file '/home/hao/wrk/UVM/uvm-1.1d/src/comps/uvm_push_driver.svh'.
Back to file '/home/hao/wrk/UVM/uvm-1.1d/src/comps/uvm_comps.svh'.
Parsing included file '/home/hao/wrk/UVM/uvm-1.1d/src/comps/uvm_scoreboard.svh'.
Back to file '/home/hao/wrk/UVM/uvm-1.1d/src/comps/uvm_comps.svh'.
Parsing included file '/home/hao/wrk/UVM/uvm-1.1d/src/comps/uvm_agent.svh'.
Back to file '/home/hao/wrk/UVM/uvm-1.1d/src/comps/uvm_comps.svh'.
Parsing included file '/home/hao/wrk/UVM/uvm-1.1d/src/comps/uvm_env.svh'.
Back to file '/home/hao/wrk/UVM/uvm-1.1d/src/comps/uvm_comps.svh'.
Parsing included file '/home/hao/wrk/UVM/uvm-1.1d/src/comps/uvm_test.svh'.
Back to file '/home/hao/wrk/UVM/uvm-1.1d/src/comps/uvm_comps.svh'.
Back to file '/home/hao/wrk/UVM/uvm-1.1d/src/uvm_pkg.sv'.
Parsing included file '/home/hao/wrk/UVM/uvm-1.1d/src/seq/uvm_seq.svh'.
Parsing included file '/home/hao/wrk/UVM/uvm-1.1d/src/seq/uvm_sequence_item.svh'.
Back to file '/home/hao/wrk/UVM/uvm-1.1d/src/seq/uvm_seq.svh'.
Parsing included file '/home/hao/wrk/UVM/uvm-1.1d/src/seq/uvm_sequencer_base.svh'.
Back to file '/home/hao/wrk/UVM/uvm-1.1d/src/seq/uvm_seq.svh'.
Parsing included file '/home/hao/wrk/UVM/uvm-1.1d/src/seq/uvm_sequencer_analysis_fifo.svh'.
Back to file '/home/hao/wrk/UVM/uvm-1.1d/src/seq/uvm_seq.svh'.
Parsing included file '/home/hao/wrk/UVM/uvm-1.1d/src/seq/uvm_sequencer_param_base.svh'.
Back to file '/home/hao/wrk/UVM/uvm-1.1d/src/seq/uvm_seq.svh'.
Parsing included file '/home/hao/wrk/UVM/uvm-1.1d/src/seq/uvm_sequencer.svh'.
Back to file '/home/hao/wrk/UVM/uvm-1.1d/src/seq/uvm_seq.svh'.
Parsing included file '/home/hao/wrk/UVM/uvm-1.1d/src/seq/uvm_push_sequencer.svh'.
Back to file '/home/hao/wrk/UVM/uvm-1.1d/src/seq/uvm_seq.svh'.
Parsing included file '/home/hao/wrk/UVM/uvm-1.1d/src/seq/uvm_sequence_base.svh'.
Back to file '/home/hao/wrk/UVM/uvm-1.1d/src/seq/uvm_seq.svh'.
Parsing included file '/home/hao/wrk/UVM/uvm-1.1d/src/seq/uvm_sequence.svh'.
Back to file '/home/hao/wrk/UVM/uvm-1.1d/src/seq/uvm_seq.svh'.
Parsing included file '/home/hao/wrk/UVM/uvm-1.1d/src/seq/uvm_sequence_library.svh'.
Back to file '/home/hao/wrk/UVM/uvm-1.1d/src/seq/uvm_seq.svh'.
Parsing included file '/home/hao/wrk/UVM/uvm-1.1d/src/seq/uvm_sequence_builtin.svh'.
Back to file '/home/hao/wrk/UVM/uvm-1.1d/src/seq/uvm_seq.svh'.
Back to file '/home/hao/wrk/UVM/uvm-1.1d/src/uvm_pkg.sv'.
Parsing included file '/home/hao/wrk/UVM/uvm-1.1d/src/tlm2/uvm_tlm2.svh'.
Parsing included file '/home/hao/wrk/UVM/uvm-1.1d/src/tlm2/uvm_tlm2_defines.svh'.
Back to file '/home/hao/wrk/UVM/uvm-1.1d/src/tlm2/uvm_tlm2.svh'.
Parsing included file '/home/hao/wrk/UVM/uvm-1.1d/src/tlm2/uvm_tlm2_time.svh'.
Back to file '/home/hao/wrk/UVM/uvm-1.1d/src/tlm2/uvm_tlm2.svh'.
Parsing included file '/home/hao/wrk/UVM/uvm-1.1d/src/tlm2/uvm_tlm2_generic_payload.svh'.
Back to file '/home/hao/wrk/UVM/uvm-1.1d/src/tlm2/uvm_tlm2.svh'.
Parsing included file '/home/hao/wrk/UVM/uvm-1.1d/src/tlm2/uvm_tlm2_ifs.svh'.
Back to file '/home/hao/wrk/UVM/uvm-1.1d/src/tlm2/uvm_tlm2.svh'.
Parsing included file '/home/hao/wrk/UVM/uvm-1.1d/src/tlm2/uvm_tlm2_imps.svh'.
Back to file '/home/hao/wrk/UVM/uvm-1.1d/src/tlm2/uvm_tlm2.svh'.
Parsing included file '/home/hao/wrk/UVM/uvm-1.1d/src/tlm2/uvm_tlm2_ports.svh'.
Back to file '/home/hao/wrk/UVM/uvm-1.1d/src/tlm2/uvm_tlm2.svh'.
Parsing included file '/home/hao/wrk/UVM/uvm-1.1d/src/tlm2/uvm_tlm2_exports.svh'.
Back to file '/home/hao/wrk/UVM/uvm-1.1d/src/tlm2/uvm_tlm2.svh'.
Parsing included file '/home/hao/wrk/UVM/uvm-1.1d/src/tlm2/uvm_tlm2_sockets_base.svh'.
Back to file '/home/hao/wrk/UVM/uvm-1.1d/src/tlm2/uvm_tlm2.svh'.
Parsing included file '/home/hao/wrk/UVM/uvm-1.1d/src/tlm2/uvm_tlm2_sockets.svh'.
Back to file '/home/hao/wrk/UVM/uvm-1.1d/src/tlm2/uvm_tlm2.svh'.
Back to file '/home/hao/wrk/UVM/uvm-1.1d/src/uvm_pkg.sv'.
Parsing included file '/home/hao/wrk/UVM/uvm-1.1d/src/reg/uvm_reg_model.svh'.
Parsing included file '/home/hao/wrk/UVM/uvm-1.1d/src/reg/uvm_reg_item.svh'.
Back to file '/home/hao/wrk/UVM/uvm-1.1d/src/reg/uvm_reg_model.svh'.
Parsing included file '/home/hao/wrk/UVM/uvm-1.1d/src/reg/uvm_reg_adapter.svh'.
Back to file '/home/hao/wrk/UVM/uvm-1.1d/src/reg/uvm_reg_model.svh'.
Parsing included file '/home/hao/wrk/UVM/uvm-1.1d/src/reg/uvm_reg_predictor.svh'.
Back to file '/home/hao/wrk/UVM/uvm-1.1d/src/reg/uvm_reg_model.svh'.
Parsing included file '/home/hao/wrk/UVM/uvm-1.1d/src/reg/uvm_reg_sequence.svh'.
Back to file '/home/hao/wrk/UVM/uvm-1.1d/src/reg/uvm_reg_model.svh'.
Parsing included file '/home/hao/wrk/UVM/uvm-1.1d/src/reg/uvm_reg_cbs.svh'.
Back to file '/home/hao/wrk/UVM/uvm-1.1d/src/reg/uvm_reg_model.svh'.
Parsing included file '/home/hao/wrk/UVM/uvm-1.1d/src/reg/uvm_reg_backdoor.svh'.
Back to file '/home/hao/wrk/UVM/uvm-1.1d/src/reg/uvm_reg_model.svh'.
Parsing included file '/home/hao/wrk/UVM/uvm-1.1d/src/reg/uvm_reg_field.svh'.
Back to file '/home/hao/wrk/UVM/uvm-1.1d/src/reg/uvm_reg_model.svh'.
Parsing included file '/home/hao/wrk/UVM/uvm-1.1d/src/reg/uvm_vreg_field.svh'.
Back to file '/home/hao/wrk/UVM/uvm-1.1d/src/reg/uvm_reg_model.svh'.
Parsing included file '/home/hao/wrk/UVM/uvm-1.1d/src/reg/uvm_reg.svh'.
Back to file '/home/hao/wrk/UVM/uvm-1.1d/src/reg/uvm_reg_model.svh'.
Parsing included file '/home/hao/wrk/UVM/uvm-1.1d/src/reg/uvm_reg_indirect.svh'.
Back to file '/home/hao/wrk/UVM/uvm-1.1d/src/reg/uvm_reg_model.svh'.
Parsing included file '/home/hao/wrk/UVM/uvm-1.1d/src/reg/uvm_reg_fifo.svh'.
Back to file '/home/hao/wrk/UVM/uvm-1.1d/src/reg/uvm_reg_model.svh'.
Parsing included file '/home/hao/wrk/UVM/uvm-1.1d/src/reg/uvm_reg_file.svh'.
Back to file '/home/hao/wrk/UVM/uvm-1.1d/src/reg/uvm_reg_model.svh'.
Parsing included file '/home/hao/wrk/UVM/uvm-1.1d/src/reg/uvm_mem_mam.svh'.
Back to file '/home/hao/wrk/UVM/uvm-1.1d/src/reg/uvm_reg_model.svh'.
Parsing included file '/home/hao/wrk/UVM/uvm-1.1d/src/reg/uvm_vreg.svh'.
Back to file '/home/hao/wrk/UVM/uvm-1.1d/src/reg/uvm_reg_model.svh'.
Parsing included file '/home/hao/wrk/UVM/uvm-1.1d/src/reg/uvm_mem.svh'.
Back to file '/home/hao/wrk/UVM/uvm-1.1d/src/reg/uvm_reg_model.svh'.
Parsing included file '/home/hao/wrk/UVM/uvm-1.1d/src/reg/uvm_reg_map.svh'.
Back to file '/home/hao/wrk/UVM/uvm-1.1d/src/reg/uvm_reg_model.svh'.
Parsing included file '/home/hao/wrk/UVM/uvm-1.1d/src/reg/uvm_reg_block.svh'.
Back to file '/home/hao/wrk/UVM/uvm-1.1d/src/reg/uvm_reg_model.svh'.
Parsing included file '/home/hao/wrk/UVM/uvm-1.1d/src/reg/sequences/uvm_reg_hw_reset_seq.svh'.
Back to file '/home/hao/wrk/UVM/uvm-1.1d/src/reg/uvm_reg_model.svh'.
Parsing included file '/home/hao/wrk/UVM/uvm-1.1d/src/reg/sequences/uvm_reg_bit_bash_seq.svh'.
Back to file '/home/hao/wrk/UVM/uvm-1.1d/src/reg/uvm_reg_model.svh'.
Parsing included file '/home/hao/wrk/UVM/uvm-1.1d/src/reg/sequences/uvm_mem_walk_seq.svh'.
Back to file '/home/hao/wrk/UVM/uvm-1.1d/src/reg/uvm_reg_model.svh'.
Parsing included file '/home/hao/wrk/UVM/uvm-1.1d/src/reg/sequences/uvm_mem_access_seq.svh'.
Back to file '/home/hao/wrk/UVM/uvm-1.1d/src/reg/uvm_reg_model.svh'.
Parsing included file '/home/hao/wrk/UVM/uvm-1.1d/src/reg/sequences/uvm_reg_access_seq.svh'.
Back to file '/home/hao/wrk/UVM/uvm-1.1d/src/reg/uvm_reg_model.svh'.
Parsing included file '/home/hao/wrk/UVM/uvm-1.1d/src/reg/sequences/uvm_reg_mem_shared_access_seq.svh'.
Back to file '/home/hao/wrk/UVM/uvm-1.1d/src/reg/uvm_reg_model.svh'.
Parsing included file '/home/hao/wrk/UVM/uvm-1.1d/src/reg/sequences/uvm_reg_mem_built_in_seq.svh'.
Back to file '/home/hao/wrk/UVM/uvm-1.1d/src/reg/uvm_reg_model.svh'.
Parsing included file '/home/hao/wrk/UVM/uvm-1.1d/src/reg/sequences/uvm_reg_mem_hdl_paths_seq.svh'.
Back to file '/home/hao/wrk/UVM/uvm-1.1d/src/reg/uvm_reg_model.svh'.
Back to file '/home/hao/wrk/UVM/uvm-1.1d/src/uvm_pkg.sv'.
Parsing design file 'top.sv'
Parsing included file '/home/hao/wrk/UVM/uvm-1.1d/src/uvm_macros.svh'.
Back to file 'top.sv'.
Parsing included file './input_if.sv'.
Back to file 'top.sv'.
Parsing included file './output_if.sv'.
Back to file 'top.sv'.
Parsing included file './adder.sv'.

Warning-[IPDASP] Identifier in ANSI port declaration
./adder.sv, 2
  Redeclaration of ANSI ports not allowed for 'state', this will be an error 
  in a future release

Back to file 'top.sv'.
Parsing included file './packet_in.sv'.
Back to file 'top.sv'.
Parsing included file './packet_out.sv'.
Back to file 'top.sv'.
Parsing included file './sequence_in.sv'.
Back to file 'top.sv'.
Parsing included file './rand_sequence_in.sv'.
Back to file 'top.sv'.
Parsing included file './sequencer.sv'.
Back to file 'top.sv'.
Parsing included file './driver.sv'.
Back to file 'top.sv'.
Parsing included file './driver_out.sv'.
Back to file 'top.sv'.
Parsing included file './monitor.sv'.
Back to file 'top.sv'.
Parsing included file './monitor_out.sv'.
Back to file 'top.sv'.
Parsing included file './agent.sv'.
Back to file 'top.sv'.
Parsing included file './agent_out.sv'.
Back to file 'top.sv'.
Parsing included file './refmod.sv'.
Back to file 'top.sv'.
Parsing included file './comparator.sv'.
Back to file 'top.sv'.
Parsing included file './env.sv'.
Back to file 'top.sv'.
Parsing included file './simple_test.sv'.
Back to file 'top.sv'.
Parsing included file './rand_test.sv'.
Back to file 'top.sv'.
Top Level Modules:
       top
TimeScale is 1 ns / 10 ps
Starting vcs inline pass...
7 unique modules to generate
7 modules and 0 UDP read. 
recompiling package vcs_paramclassrepository
recompiling package _vcs_unit__2916249767
recompiling package std
recompiling package uvm_pkg
recompiling module input_if
recompiling module output_if
recompiling module top
All of 7 modules done
make[1]: Entering directory `/home/hao/wrk/UVM/easyUVM-master/csrc'
rm -f _csrc*.so pre_vcsobj_*.so share_vcsobj_*.so
g++ -w  -pipe -fPIC -DVCS -O -I/usr/synopsys/L-2016.06/include    -c /home/hao/wrk/UVM/uvm-1.1d/src/dpi/uvm_dpi.cc \

if [ -x ../simv ]; then chmod -x ../simv; fi
g++  -o ../simv   -Wl,-rpath-link=./ -Wl,-rpath='$ORIGIN'/simv.daidir/ -Wl,-rpath=./simv.daidir/ \
-Wl,-rpath='$ORIGIN'/simv.daidir//scsim.db.dir  -rdynamic  ./../external.o ./../my_rand.o \
uvm_dpi.o   amcQwB.o objs/amcQw_d.o   _45865_archive_1.so  SIM_l.o      rmapats_mop.o \
rmapats.o rmar.o  rmar_llvm_0_1.o rmar_llvm_0_0.o          /usr/synopsys/L-2016.06/linux64/lib/libzerosoft_rt_stubs.so \
/usr/synopsys/L-2016.06/linux64/lib/libvirsim.so /usr/synopsys/L-2016.06/linux64/lib/liberrorinf.so \
/usr/synopsys/L-2016.06/linux64/lib/libsnpsmalloc.so    /usr/synopsys/L-2016.06/linux64/lib/libvcsnew.so \
/usr/synopsys/L-2016.06/linux64/lib/libsimprofile.so /usr/synopsys/L-2016.06/linux64/lib/libuclinative.so \
-Wl,-whole-archive /usr/synopsys/L-2016.06/linux64/lib/libvcsucli.so -Wl,-no-whole-archive \
./../simv.daidir/vc_hdrs.o    /usr/synopsys/L-2016.06/linux64/lib/vcs_save_restore_new.o \
-ldl  -lc -lm -lpthread -ldl 
../simv up to date
make[1]: Leaving directory `/home/hao/wrk/UVM/easyUVM-master/csrc'
CPU time: 12.936 seconds to compile + .414 seconds to elab + .595 seconds to link
